<?xml version="1.0" encoding="UTF-8" standalone="yes"?><!DOCTYPE report PUBLIC "-//JACOCO//DTD Report 1.0//EN" "report.dtd"><report name="JaCoCoverage analysis (powered by JaCoCo from EclEmma)"><sessioninfo id="Shawns-Air-3.zyxel.com-fce99e2e" start="1490552921818" dump="1490552922866"/><package name="studentspec"><class name="studentspec/StudentSpec$ValidationStatus"><method name="values" desc="()[Lstudentspec/StudentSpec$ValidationStatus;" line="29"><counter type="INSTRUCTION" missed="4" covered="0"/><counter type="LINE" missed="1" covered="0"/><counter type="COMPLEXITY" missed="1" covered="0"/><counter type="METHOD" missed="1" covered="0"/></method><method name="valueOf" desc="(Ljava/lang/String;)Lstudentspec/StudentSpec$ValidationStatus;" line="29"><counter type="INSTRUCTION" missed="5" covered="0"/><counter type="LINE" missed="1" covered="0"/><counter type="COMPLEXITY" missed="1" covered="0"/><counter type="METHOD" missed="1" covered="0"/></method><method name="&lt;init&gt;" desc="(Ljava/lang/String;I)V" line="29"><counter type="INSTRUCTION" missed="0" covered="5"/><counter type="LINE" missed="0" covered="1"/><counter type="COMPLEXITY" missed="0" covered="1"/><counter type="METHOD" missed="0" covered="1"/></method><method name="&lt;clinit&gt;" desc="()V" line="29"><counter type="INSTRUCTION" missed="0" covered="164"/><counter type="LINE" missed="0" covered="8"/><counter type="COMPLEXITY" missed="0" covered="1"/><counter type="METHOD" missed="0" covered="1"/></method><counter type="INSTRUCTION" missed="9" covered="169"/><counter type="LINE" missed="0" covered="8"/><counter type="COMPLEXITY" missed="2" covered="2"/><counter type="METHOD" missed="2" covered="2"/><counter type="CLASS" missed="0" covered="1"/></class><class name="studentspec/StudentSpec$StudentSpecException"><method name="&lt;init&gt;" desc="(Ljava/lang/String;)V" line="273"><counter type="INSTRUCTION" missed="4" covered="0"/><counter type="LINE" missed="2" covered="0"/><counter type="COMPLEXITY" missed="1" covered="0"/><counter type="METHOD" missed="1" covered="0"/></method><method name="&lt;init&gt;" desc="(Ljava/lang/String;Ljava/lang/Exception;)V" line="284"><counter type="INSTRUCTION" missed="5" covered="0"/><counter type="LINE" missed="2" covered="0"/><counter type="COMPLEXITY" missed="1" covered="0"/><counter type="METHOD" missed="1" covered="0"/></method><counter type="INSTRUCTION" missed="9" covered="0"/><counter type="LINE" missed="4" covered="0"/><counter type="COMPLEXITY" missed="2" covered="0"/><counter type="METHOD" missed="2" covered="0"/><counter type="CLASS" missed="1" covered="0"/></class><sourcefile name="StudentSpec.java"><line nr="29" mi="9" ci="73" mb="0" cb="0"/><line nr="31" mi="0" ci="6" mb="0" cb="0"/><line nr="32" mi="0" ci="12" mb="0" cb="0"/><line nr="33" mi="0" ci="12" mb="0" cb="0"/><line nr="34" mi="0" ci="24" mb="0" cb="0"/><line nr="35" mi="0" ci="12" mb="0" cb="0"/><line nr="36" mi="0" ci="12" mb="0" cb="0"/><line nr="37" mi="0" ci="18" mb="0" cb="0"/><line nr="273" mi="3" ci="0" mb="0" cb="0"/><line nr="274" mi="1" ci="0" mb="0" cb="0"/><line nr="284" mi="4" ci="0" mb="0" cb="0"/><line nr="285" mi="1" ci="0" mb="0" cb="0"/><counter type="INSTRUCTION" missed="18" covered="169"/><counter type="LINE" missed="4" covered="8"/><counter type="COMPLEXITY" missed="4" covered="2"/><counter type="METHOD" missed="4" covered="2"/><counter type="CLASS" missed="1" covered="1"/></sourcefile><counter type="INSTRUCTION" missed="18" covered="169"/><counter type="LINE" missed="4" covered="8"/><counter type="COMPLEXITY" missed="4" covered="2"/><counter type="METHOD" missed="4" covered="2"/><counter type="CLASS" missed="1" covered="1"/></package><package name="student"><class name="student/Student$StudentValidator"><method name="&lt;init&gt;" desc="()V" line="302"><counter type="INSTRUCTION" missed="0" covered="3"/><counter type="LINE" missed="0" covered="2"/><counter type="COMPLEXITY" missed="0" covered="1"/><counter type="METHOD" missed="0" covered="1"/></method><method name="validateFirstName" desc="(Ljava/lang/String;)Lstudentspec/StudentSpec$ValidationStatus;" line="308"><counter type="INSTRUCTION" missed="4" covered="10"/><counter type="BRANCH" missed="2" covered="2"/><counter type="LINE" missed="2" covered="4"/><counter type="COMPLEXITY" missed="2" covered="1"/><counter type="METHOD" missed="0" covered="1"/></method><method name="validateMiddleInitial" desc="(Ljava/lang/String;)Lstudentspec/StudentSpec$ValidationStatus;" line="323"><counter type="INSTRUCTION" missed="0" covered="2"/><counter type="LINE" missed="0" covered="1"/><counter type="COMPLEXITY" missed="0" covered="1"/><counter type="METHOD" missed="0" covered="1"/></method><method name="validateLastName" desc="(Ljava/lang/String;)Lstudentspec/StudentSpec$ValidationStatus;" line="329"><counter type="INSTRUCTION" missed="4" covered="10"/><counter type="BRANCH" missed="2" covered="2"/><counter type="LINE" missed="2" covered="4"/><counter type="COMPLEXITY" missed="2" covered="1"/><counter type="METHOD" missed="0" covered="1"/></method><method name="validateSID" desc="(Ljava/lang/String;)Lstudentspec/StudentSpec$ValidationStatus;" line="344"><counter type="INSTRUCTION" missed="9" covered="18"/><counter type="BRANCH" missed="3" covered="3"/><counter type="LINE" missed="5" covered="7"/><counter type="COMPLEXITY" missed="3" covered="1"/><counter type="METHOD" missed="0" covered="1"/></method><method name="validateMajor" desc="(Ljava/lang/String;)Lstudentspec/StudentSpec$ValidationStatus;" line="373"><counter type="INSTRUCTION" missed="6" covered="14"/><counter type="BRANCH" missed="3" covered="3"/><counter type="LINE" missed="3" covered="5"/><counter type="COMPLEXITY" missed="3" covered="1"/><counter type="METHOD" missed="0" covered="1"/></method><method name="validateGPAIngredients" desc="(DD)Lstudentspec/StudentSpec$ValidationStatus;" line="393"><counter type="INSTRUCTION" missed="8" covered="34"/><counter type="BRANCH" missed="5" covered="9"/><counter type="LINE" missed="4" covered="7"/><counter type="COMPLEXITY" missed="5" covered="3"/><counter type="METHOD" missed="0" covered="1"/></method><counter type="INSTRUCTION" missed="31" covered="91"/><counter type="BRANCH" missed="15" covered="19"/><counter type="LINE" missed="16" covered="30"/><counter type="COMPLEXITY" missed="15" covered="9"/><counter type="METHOD" missed="0" covered="7"/><counter type="CLASS" missed="0" covered="1"/></class><class name="student/Student"><method name="&lt;init&gt;" desc="()V" line="38"><counter type="INSTRUCTION" missed="0" covered="3"/><counter type="LINE" missed="0" covered="2"/><counter type="COMPLEXITY" missed="0" covered="1"/><counter type="METHOD" missed="0" covered="1"/></method><method name="create" desc="(Ljava/lang/String;Ljava/lang/String;Ljava/lang/String;Ljava/lang/String;Ljava/lang/String;DD)Lstudentspec/StudentSpec;" line="70"><counter type="INSTRUCTION" missed="15" covered="25"/><counter type="LINE" missed="3" covered="8"/><counter type="COMPLEXITY" missed="0" covered="1"/><counter type="METHOD" missed="0" covered="1"/></method><method name="create" desc="(Ljava/lang/String;Ljava/lang/String;Ljava/lang/String;Ljava/lang/String;Ljava/lang/String;)Lstudentspec/StudentSpec;" line="111"><counter type="INSTRUCTION" missed="15" covered="25"/><counter type="LINE" missed="3" covered="8"/><counter type="COMPLEXITY" missed="0" covered="1"/><counter type="METHOD" missed="0" covered="1"/></method><method name="getSID" desc="()Ljava/lang/String;" line="136"><counter type="INSTRUCTION" missed="0" covered="3"/><counter type="LINE" missed="0" covered="1"/><counter type="COMPLEXITY" missed="0" covered="1"/><counter type="METHOD" missed="0" covered="1"/></method><method name="getFirstName" desc="()Ljava/lang/String;" line="142"><counter type="INSTRUCTION" missed="0" covered="3"/><counter type="LINE" missed="0" covered="1"/><counter type="COMPLEXITY" missed="0" covered="1"/><counter type="METHOD" missed="0" covered="1"/></method><method name="getMiddleInitial" desc="()Ljava/lang/String;" line="148"><counter type="INSTRUCTION" missed="0" covered="3"/><counter type="LINE" missed="0" covered="1"/><counter type="COMPLEXITY" missed="0" covered="1"/><counter type="METHOD" missed="0" covered="1"/></method><method name="getLastName" desc="()Ljava/lang/String;" line="154"><counter type="INSTRUCTION" missed="0" covered="3"/><counter type="LINE" missed="0" covered="1"/><counter type="COMPLEXITY" missed="0" covered="1"/><counter type="METHOD" missed="0" covered="1"/></method><method name="getMajor" desc="()Ljava/lang/String;" line="160"><counter type="INSTRUCTION" missed="0" covered="3"/><counter type="LINE" missed="0" covered="1"/><counter type="COMPLEXITY" missed="0" covered="1"/><counter type="METHOD" missed="0" covered="1"/></method><method name="getTotalDegreeCredits" desc="()D" line="166"><counter type="INSTRUCTION" missed="3" covered="0"/><counter type="LINE" missed="1" covered="0"/><counter type="COMPLEXITY" missed="1" covered="0"/><counter type="METHOD" missed="1" covered="0"/></method><method name="getTotalQualityPoints" desc="()D" line="172"><counter type="INSTRUCTION" missed="3" covered="0"/><counter type="LINE" missed="1" covered="0"/><counter type="COMPLEXITY" missed="1" covered="0"/><counter type="METHOD" missed="1" covered="0"/></method><method name="toString" desc="()Ljava/lang/String;" line="178"><counter type="INSTRUCTION" missed="0" covered="63"/><counter type="LINE" missed="0" covered="14"/><counter type="COMPLEXITY" missed="0" covered="1"/><counter type="METHOD" missed="0" covered="1"/></method><method name="setFirstName" desc="(Ljava/lang/String;)V" line="201"><counter type="INSTRUCTION" missed="12" covered="12"/><counter type="BRANCH" missed="1" covered="1"/><counter type="LINE" missed="1" covered="4"/><counter type="COMPLEXITY" missed="1" covered="1"/><counter type="METHOD" missed="0" covered="1"/></method><method name="setMiddleInitial" desc="(Ljava/lang/String;)V" line="214"><counter type="INSTRUCTION" missed="12" covered="25"/><counter type="BRANCH" missed="2" covered="4"/><counter type="LINE" missed="1" covered="6"/><counter type="COMPLEXITY" missed="2" covered="2"/><counter type="METHOD" missed="0" covered="1"/></method><method name="setLastName" desc="(Ljava/lang/String;)V" line="233"><counter type="INSTRUCTION" missed="12" covered="12"/><counter type="BRANCH" missed="1" covered="1"/><counter type="LINE" missed="1" covered="4"/><counter type="COMPLEXITY" missed="1" covered="1"/><counter type="METHOD" missed="0" covered="1"/></method><method name="setSID" desc="(Ljava/lang/String;)V" line="253"><counter type="INSTRUCTION" missed="12" covered="12"/><counter type="BRANCH" missed="1" covered="1"/><counter type="LINE" missed="1" covered="4"/><counter type="COMPLEXITY" missed="1" covered="1"/><counter type="METHOD" missed="0" covered="1"/></method><method name="setMajor" desc="(Ljava/lang/String;)V" line="265"><counter type="INSTRUCTION" missed="12" covered="12"/><counter type="BRANCH" missed="1" covered="1"/><counter type="LINE" missed="1" covered="4"/><counter type="COMPLEXITY" missed="1" covered="1"/><counter type="METHOD" missed="0" covered="1"/></method><method name="setGPAIngredients" desc="(DD)V" line="278"><counter type="INSTRUCTION" missed="12" covered="15"/><counter type="BRANCH" missed="1" covered="1"/><counter type="LINE" missed="1" covered="5"/><counter type="COMPLEXITY" missed="1" covered="1"/><counter type="METHOD" missed="0" covered="1"/></method><method name="getStudentValidator" desc="()Lstudentspec/StudentSpec$StudentValidatorSpec;" line="295"><counter type="INSTRUCTION" missed="2" covered="0"/><counter type="LINE" missed="1" covered="0"/><counter type="COMPLEXITY" missed="1" covered="0"/><counter type="METHOD" missed="1" covered="0"/></method><method name="&lt;clinit&gt;" desc="()V" line="30"><counter type="INSTRUCTION" missed="0" covered="6"/><counter type="LINE" missed="0" covered="1"/><counter type="COMPLEXITY" missed="0" covered="1"/><counter type="METHOD" missed="0" covered="1"/></method><counter type="INSTRUCTION" missed="110" covered="225"/><counter type="BRANCH" missed="7" covered="9"/><counter type="LINE" missed="15" covered="65"/><counter type="COMPLEXITY" missed="10" covered="17"/><counter type="METHOD" missed="3" covered="16"/><counter type="CLASS" missed="0" covered="1"/></class><sourcefile name="Student.java"><line nr="30" mi="0" ci="6" mb="0" cb="0"/><line nr="38" mi="0" ci="2" mb="0" cb="0"/><line nr="41" mi="0" ci="1" mb="0" cb="0"/><line nr="70" mi="0" ci="4" mb="0" cb="0"/><line nr="73" mi="0" ci="3" mb="0" cb="0"/><line nr="74" mi="0" ci="3" mb="0" cb="0"/><line nr="75" mi="0" ci="3" mb="0" cb="0"/><line nr="76" mi="0" ci="3" mb="0" cb="0"/><line nr="77" mi="0" ci="3" mb="0" cb="0"/><line nr="78" mi="0" ci="4" mb="0" cb="0"/><line nr="79" mi="0" ci="2" mb="0" cb="0"/><line nr="81" mi="1" ci="0" mb="0" cb="0"/><line nr="83" mi="8" ci="0" mb="0" cb="0"/><line nr="84" mi="6" ci="0" mb="0" cb="0"/><line nr="111" mi="0" ci="4" mb="0" cb="0"/><line nr="114" mi="0" ci="3" mb="0" cb="0"/><line nr="115" mi="0" ci="3" mb="0" cb="0"/><line nr="116" mi="0" ci="3" mb="0" cb="0"/><line nr="117" mi="0" ci="3" mb="0" cb="0"/><line nr="118" mi="0" ci="3" mb="0" cb="0"/><line nr="119" mi="0" ci="4" mb="0" cb="0"/><line nr="121" mi="0" ci="2" mb="0" cb="0"/><line nr="123" mi="1" ci="0" mb="0" cb="0"/><line nr="125" mi="8" ci="0" mb="0" cb="0"/><line nr="126" mi="6" ci="0" mb="0" cb="0"/><line nr="136" mi="0" ci="3" mb="0" cb="0"/><line nr="142" mi="0" ci="3" mb="0" cb="0"/><line nr="148" mi="0" ci="3" mb="0" cb="0"/><line nr="154" mi="0" ci="3" mb="0" cb="0"/><line nr="160" mi="0" ci="3" mb="0" cb="0"/><line nr="166" mi="3" ci="0" mb="0" cb="0"/><line nr="172" mi="3" ci="0" mb="0" cb="0"/><line nr="178" mi="0" ci="6" mb="0" cb="0"/><line nr="179" mi="0" ci="4" mb="0" cb="0"/><line nr="180" mi="0" ci="5" mb="0" cb="0"/><line nr="181" mi="0" ci="4" mb="0" cb="0"/><line nr="182" mi="0" ci="5" mb="0" cb="0"/><line nr="183" mi="0" ci="4" mb="0" cb="0"/><line nr="184" mi="0" ci="5" mb="0" cb="0"/><line nr="185" mi="0" ci="4" mb="0" cb="0"/><line nr="186" mi="0" ci="5" mb="0" cb="0"/><line nr="187" mi="0" ci="4" mb="0" cb="0"/><line nr="188" mi="0" ci="5" mb="0" cb="0"/><line nr="189" mi="0" ci="4" mb="0" cb="0"/><line nr="190" mi="0" ci="5" mb="0" cb="0"/><line nr="192" mi="0" ci="3" mb="0" cb="0"/><line nr="201" mi="0" ci="4" mb="0" cb="0"/><line nr="202" mi="0" ci="3" mb="1" cb="1"/><line nr="204" mi="12" ci="0" mb="0" cb="0"/><line nr="207" mi="0" ci="4" mb="0" cb="0"/><line nr="208" mi="0" ci="1" mb="0" cb="0"/><line nr="214" mi="0" ci="4" mb="0" cb="0"/><line nr="215" mi="0" ci="3" mb="1" cb="1"/><line nr="217" mi="12" ci="0" mb="0" cb="0"/><line nr="220" mi="0" ci="6" mb="1" cb="3"/><line nr="222" mi="0" ci="4" mb="0" cb="0"/><line nr="226" mi="0" ci="7" mb="0" cb="0"/><line nr="228" mi="0" ci="1" mb="0" cb="0"/><line nr="233" mi="0" ci="4" mb="0" cb="0"/><line nr="234" mi="0" ci="3" mb="1" cb="1"/><line nr="236" mi="12" ci="0" mb="0" cb="0"/><line nr="239" mi="0" ci="4" mb="0" cb="0"/><line nr="240" mi="0" ci="1" mb="0" cb="0"/><line nr="253" mi="0" ci="4" mb="0" cb="0"/><line nr="254" mi="0" ci="3" mb="1" cb="1"/><line nr="256" mi="12" ci="0" mb="0" cb="0"/><line nr="259" mi="0" ci="4" mb="0" cb="0"/><line nr="260" mi="0" ci="1" mb="0" cb="0"/><line nr="265" mi="0" ci="4" mb="0" cb="0"/><line nr="266" mi="0" ci="3" mb="1" cb="1"/><line nr="268" mi="12" ci="0" mb="0" cb="0"/><line nr="271" mi="0" ci="4" mb="0" cb="0"/><line nr="272" mi="0" ci="1" mb="0" cb="0"/><line nr="278" mi="0" ci="5" mb="0" cb="0"/><line nr="281" mi="0" ci="3" mb="1" cb="1"/><line nr="283" mi="12" ci="0" mb="0" cb="0"/><line nr="286" mi="0" ci="3" mb="0" cb="0"/><line nr="287" mi="0" ci="3" mb="0" cb="0"/><line nr="288" mi="0" ci="1" mb="0" cb="0"/><line nr="295" mi="2" ci="0" mb="0" cb="0"/><line nr="302" mi="0" ci="2" mb="0" cb="0"/><line nr="303" mi="0" ci="1" mb="0" cb="0"/><line nr="308" mi="0" ci="2" mb="1" cb="1"/><line nr="310" mi="2" ci="0" mb="0" cb="0"/><line nr="312" mi="0" ci="3" mb="0" cb="0"/><line nr="313" mi="0" ci="3" mb="1" cb="1"/><line nr="315" mi="2" ci="0" mb="0" cb="0"/><line nr="317" mi="0" ci="2" mb="0" cb="0"/><line nr="323" mi="0" ci="2" mb="0" cb="0"/><line nr="329" mi="0" ci="2" mb="1" cb="1"/><line nr="331" mi="2" ci="0" mb="0" cb="0"/><line nr="333" mi="0" ci="3" mb="0" cb="0"/><line nr="334" mi="0" ci="3" mb="1" cb="1"/><line nr="336" mi="2" ci="0" mb="0" cb="0"/><line nr="338" mi="0" ci="2" mb="0" cb="0"/><line nr="344" mi="0" ci="2" mb="1" cb="1"/><line nr="346" mi="2" ci="0" mb="0" cb="0"/><line nr="348" mi="0" ci="3" mb="0" cb="0"/><line nr="349" mi="0" ci="3" mb="1" cb="1"/><line nr="351" mi="2" ci="0" mb="0" cb="0"/><line nr="353" mi="0" ci="4" mb="1" cb="1"/><line nr="355" mi="2" ci="0" mb="0" cb="0"/><line nr="360" mi="0" ci="3" mb="0" cb="0"/><line nr="362" mi="1" ci="0" mb="0" cb="0"/><line nr="364" mi="2" ci="0" mb="0" cb="0"/><line nr="365" mi="0" ci="1" mb="0" cb="0"/><line nr="367" mi="0" ci="2" mb="0" cb="0"/><line nr="373" mi="0" ci="2" mb="1" cb="1"/><line nr="375" mi="2" ci="0" mb="0" cb="0"/><line nr="377" mi="0" ci="3" mb="0" cb="0"/><line nr="378" mi="0" ci="3" mb="1" cb="1"/><line nr="380" mi="2" ci="0" mb="0" cb="0"/><line nr="382" mi="0" ci="4" mb="1" cb="1"/><line nr="384" mi="2" ci="0" mb="0" cb="0"/><line nr="386" mi="0" ci="2" mb="0" cb="0"/><line nr="393" mi="0" ci="4" mb="1" cb="1"/><line nr="395" mi="2" ci="0" mb="0" cb="0"/><line nr="397" mi="0" ci="4" mb="1" cb="1"/><line nr="399" mi="2" ci="0" mb="0" cb="0"/><line nr="402" mi="0" ci="8" mb="1" cb="3"/><line nr="405" mi="2" ci="0" mb="0" cb="0"/><line nr="408" mi="0" ci="4" mb="0" cb="2"/><line nr="410" mi="0" ci="4" mb="0" cb="0"/><line nr="411" mi="0" ci="8" mb="2" cb="2"/><line nr="413" mi="2" ci="0" mb="0" cb="0"/><line nr="416" mi="0" ci="2" mb="0" cb="0"/><counter type="INSTRUCTION" missed="141" covered="316"/><counter type="BRANCH" missed="22" covered="28"/><counter type="LINE" missed="31" covered="95"/><counter type="COMPLEXITY" missed="25" covered="26"/><counter type="METHOD" missed="3" covered="23"/><counter type="CLASS" missed="0" covered="2"/></sourcefile><counter type="INSTRUCTION" missed="141" covered="316"/><counter type="BRANCH" missed="22" covered="28"/><counter type="LINE" missed="31" covered="95"/><counter type="COMPLEXITY" missed="25" covered="26"/><counter type="METHOD" missed="3" covered="23"/><counter type="CLASS" missed="0" covered="2"/></package><package name="studentgui"><class name="studentgui/DisplayObjectsAsJList"><method name="&lt;init&gt;" desc="(Ljava/lang/String;[Ljava/lang/Object;)V" line="42"><counter type="INSTRUCTION" missed="24" covered="0"/><counter type="LINE" missed="6" covered="0"/><counter type="COMPLEXITY" missed="1" covered="0"/><counter type="METHOD" missed="1" covered="0"/></method><method name="&lt;init&gt;" desc="(Ljava/lang/String;[Ljava/lang/Object;Z)V" line="42"><counter type="INSTRUCTION" missed="27" covered="0"/><counter type="LINE" missed="7" covered="0"/><counter type="COMPLEXITY" missed="1" covered="0"/><counter type="METHOD" missed="1" covered="0"/></method><method name="initialize" desc="(Ljava/lang/String;)V" line="96"><counter type="INSTRUCTION" missed="111" covered="0"/><counter type="LINE" missed="22" covered="0"/><counter type="COMPLEXITY" missed="1" covered="0"/><counter type="METHOD" missed="1" covered="0"/></method><method name="addListSelectionListener" desc="(Ljavax/swing/event/ListSelectionListener;)V" line="171"><counter type="INSTRUCTION" missed="27" covered="0"/><counter type="BRANCH" missed="2" covered="0"/><counter type="LINE" missed="6" covered="0"/><counter type="COMPLEXITY" missed="2" covered="0"/><counter type="METHOD" missed="1" covered="0"/></method><method name="setVisible" desc="(Z)V" line="188"><counter type="INSTRUCTION" missed="7" covered="0"/><counter type="LINE" missed="3" covered="0"/><counter type="COMPLEXITY" missed="1" covered="0"/><counter type="METHOD" missed="1" covered="0"/></method><method name="positionTheWindow" desc="()V" line="195"><counter type="INSTRUCTION" missed="41" covered="0"/><counter type="LINE" missed="9" covered="0"/><counter type="COMPLEXITY" missed="1" covered="0"/><counter type="METHOD" missed="1" covered="0"/></method><method name="setListData" desc="([Ljava/lang/Object;)V" line="218"><counter type="INSTRUCTION" missed="7" covered="0"/><counter type="LINE" missed="3" covered="0"/><counter type="COMPLEXITY" missed="1" covered="0"/><counter type="METHOD" missed="1" covered="0"/></method><method name="setListTitle" desc="(Ljava/lang/String;)V" line="225"><counter type="INSTRUCTION" missed="8" covered="0"/><counter type="LINE" missed="3" covered="0"/><counter type="COMPLEXITY" missed="1" covered="0"/><counter type="METHOD" missed="1" covered="0"/></method><counter type="INSTRUCTION" missed="252" covered="0"/><counter type="BRANCH" missed="2" covered="0"/><counter type="LINE" missed="58" covered="0"/><counter type="COMPLEXITY" missed="9" covered="0"/><counter type="METHOD" missed="8" covered="0"/><counter type="CLASS" missed="1" covered="0"/></class><class name="studentgui/StudentGUI$CleanUpWhenClosing"><method name="&lt;init&gt;" desc="(Lstudentgui/StudentGUI;)V" line="671"><counter type="INSTRUCTION" missed="6" covered="0"/><counter type="LINE" missed="1" covered="0"/><counter type="COMPLEXITY" missed="1" covered="0"/><counter type="METHOD" missed="1" covered="0"/></method><method name="windowClosing" desc="(Ljava/awt/event/WindowEvent;)V" line="680"><counter type="INSTRUCTION" missed="16" covered="0"/><counter type="BRANCH" missed="2" covered="0"/><counter type="LINE" missed="4" covered="0"/><counter type="COMPLEXITY" missed="2" covered="0"/><counter type="METHOD" missed="1" covered="0"/></method><counter type="INSTRUCTION" missed="22" covered="0"/><counter type="BRANCH" missed="2" covered="0"/><counter type="LINE" missed="5" covered="0"/><counter type="COMPLEXITY" missed="3" covered="0"/><counter type="METHOD" missed="2" covered="0"/><counter type="CLASS" missed="1" covered="0"/></class><class name="studentgui/StudentGUI$UpdateStudentButtonEventProcessor"><method name="&lt;init&gt;" desc="(Lstudentgui/StudentGUI;)V" line="755"><counter type="INSTRUCTION" missed="6" covered="0"/><counter type="LINE" missed="1" covered="0"/><counter type="COMPLEXITY" missed="1" covered="0"/><counter type="METHOD" missed="1" covered="0"/></method><method name="actionPerformed" desc="(Ljava/awt/event/ActionEvent;)V" line="760"><counter type="INSTRUCTION" missed="3" covered="0"/><counter type="LINE" missed="2" covered="0"/><counter type="COMPLEXITY" missed="1" covered="0"/><counter type="METHOD" missed="1" covered="0"/></method><method name="updateExistingStudent" desc="()V" line="765"><counter type="INSTRUCTION" missed="10" covered="0"/><counter type="BRANCH" missed="2" covered="0"/><counter type="LINE" missed="4" covered="0"/><counter type="COMPLEXITY" missed="2" covered="0"/><counter type="METHOD" missed="1" covered="0"/></method><method name="replaceStudentInCollection" desc="(Lstudentspec/StudentSpec;)V" line="776"><counter type="INSTRUCTION" missed="69" covered="0"/><counter type="BRANCH" missed="2" covered="0"/><counter type="LINE" missed="14" covered="0"/><counter type="COMPLEXITY" missed="2" covered="0"/><counter type="METHOD" missed="1" covered="0"/></method><counter type="INSTRUCTION" missed="88" covered="0"/><counter type="BRANCH" missed="4" covered="0"/><counter type="LINE" missed="21" covered="0"/><counter type="COMPLEXITY" missed="6" covered="0"/><counter type="METHOD" missed="4" covered="0"/><counter type="CLASS" missed="1" covered="0"/></class><class name="studentgui/StudentGUI"><method name="&lt;init&gt;" desc="()V" line="61"><counter type="INSTRUCTION" missed="16" covered="0"/><counter type="LINE" missed="6" covered="0"/><counter type="COMPLEXITY" missed="1" covered="0"/><counter type="METHOD" missed="1" covered="0"/></method><method name="initializeStudentGUI" desc="()V" line="165"><counter type="INSTRUCTION" missed="37" covered="0"/><counter type="LINE" missed="9" covered="0"/><counter type="COMPLEXITY" missed="1" covered="0"/><counter type="METHOD" missed="1" covered="0"/></method><method name="createMainPanel" desc="()Ljavax/swing/JPanel;" line="188"><counter type="INSTRUCTION" missed="35" covered="0"/><counter type="LINE" missed="8" covered="0"/><counter type="COMPLEXITY" missed="1" covered="0"/><counter type="METHOD" missed="1" covered="0"/></method><method name="createStudentDisplayPanel" desc="()V" line="207"><counter type="INSTRUCTION" missed="310" covered="0"/><counter type="LINE" missed="52" covered="0"/><counter type="COMPLEXITY" missed="1" covered="0"/><counter type="METHOD" missed="1" covered="0"/></method><method name="createButtonPanel" desc="()V" line="277"><counter type="INSTRUCTION" missed="30" covered="0"/><counter type="LINE" missed="7" covered="0"/><counter type="COMPLEXITY" missed="1" covered="0"/><counter type="METHOD" missed="1" covered="0"/></method><method name="createStudentActionPanel" desc="()V" line="297"><counter type="INSTRUCTION" missed="89" covered="0"/><counter type="LINE" missed="14" covered="0"/><counter type="COMPLEXITY" missed="1" covered="0"/><counter type="METHOD" missed="1" covered="0"/></method><method name="createCollectionActionPanel" desc="()V" line="327"><counter type="INSTRUCTION" missed="89" covered="0"/><counter type="LINE" missed="13" covered="0"/><counter type="COMPLEXITY" missed="1" covered="0"/><counter type="METHOD" missed="1" covered="0"/></method><method name="createErrorPanel" desc="()Ljavax/swing/JPanel;" line="354"><counter type="INSTRUCTION" missed="61" covered="0"/><counter type="LINE" missed="13" covered="0"/><counter type="COMPLEXITY" missed="1" covered="0"/><counter type="METHOD" missed="1" covered="0"/></method><method name="clearAllFields" desc="()V" line="380"><counter type="INSTRUCTION" missed="92" covered="0"/><counter type="LINE" missed="24" covered="0"/><counter type="COMPLEXITY" missed="1" covered="0"/><counter type="METHOD" missed="1" covered="0"/></method><method name="verifyUniqueness" desc="(Lstudentspec/StudentSpec;)Z" line="415"><counter type="INSTRUCTION" missed="10" covered="0"/><counter type="BRANCH" missed="2" covered="0"/><counter type="LINE" missed="1" covered="0"/><counter type="COMPLEXITY" missed="2" covered="0"/><counter type="METHOD" missed="1" covered="0"/></method><method name="processStudentFields" desc="()Lstudentspec/StudentSpec;" line="423"><counter type="INSTRUCTION" missed="274" covered="0"/><counter type="BRANCH" missed="16" covered="0"/><counter type="LINE" missed="76" covered="0"/><counter type="COMPLEXITY" missed="9" covered="0"/><counter type="METHOD" missed="1" covered="0"/></method><method name="updateJListWindow" desc="()V" line="605"><counter type="INSTRUCTION" missed="24" covered="0"/><counter type="BRANCH" missed="2" covered="0"/><counter type="LINE" missed="5" covered="0"/><counter type="COMPLEXITY" missed="2" covered="0"/><counter type="METHOD" missed="1" covered="0"/></method><method name="convertCollectionToArray" desc="(Lstudentcollection/StudentCollectionSpec;)[Ljava/lang/Object;" line="616"><counter type="INSTRUCTION" missed="22" covered="0"/><counter type="BRANCH" missed="2" covered="0"/><counter type="LINE" missed="7" covered="0"/><counter type="COMPLEXITY" missed="2" covered="0"/><counter type="METHOD" missed="1" covered="0"/></method><method name="valueChanged" desc="(Ljavax/swing/event/ListSelectionEvent;)V" line="649"><counter type="INSTRUCTION" missed="3" covered="0"/><counter type="LINE" missed="2" covered="0"/><counter type="COMPLEXITY" missed="1" covered="0"/><counter type="METHOD" missed="1" covered="0"/></method><method name="populateStudentFields" desc="()V" line="654"><counter type="INSTRUCTION" missed="45" covered="0"/><counter type="LINE" missed="10" covered="0"/><counter type="COMPLEXITY" missed="1" covered="0"/><counter type="METHOD" missed="1" covered="0"/></method><counter type="INSTRUCTION" missed="1137" covered="0"/><counter type="BRANCH" missed="22" covered="0"/><counter type="LINE" missed="247" covered="0"/><counter type="COMPLEXITY" missed="26" covered="0"/><counter type="METHOD" missed="15" covered="0"/><counter type="CLASS" missed="1" covered="0"/></class><class name="studentgui/StudentGUI$ShowCollectionButtonEventProcessor"><method name="&lt;init&gt;" desc="(Lstudentgui/StudentGUI;)V" line="872"><counter type="INSTRUCTION" missed="6" covered="0"/><counter type="LINE" missed="1" covered="0"/><counter type="COMPLEXITY" missed="1" covered="0"/><counter type="METHOD" missed="1" covered="0"/></method><method name="actionPerformed" desc="(Ljava/awt/event/ActionEvent;)V" line="877"><counter type="INSTRUCTION" missed="8" covered="0"/><counter type="LINE" missed="3" covered="0"/><counter type="COMPLEXITY" missed="1" covered="0"/><counter type="METHOD" missed="1" covered="0"/></method><method name="createStudentListDisplay" desc="()V" line="883"><counter type="INSTRUCTION" missed="42" covered="0"/><counter type="BRANCH" missed="4" covered="0"/><counter type="LINE" missed="7" covered="0"/><counter type="COMPLEXITY" missed="3" covered="0"/><counter type="METHOD" missed="1" covered="0"/></method><counter type="INSTRUCTION" missed="56" covered="0"/><counter type="BRANCH" missed="4" covered="0"/><counter type="LINE" missed="11" covered="0"/><counter type="COMPLEXITY" missed="5" covered="0"/><counter type="METHOD" missed="3" covered="0"/><counter type="CLASS" missed="1" covered="0"/></class><class name="studentgui/StudentGUI$RetrieveButtonEventProcessor"><method name="&lt;init&gt;" desc="(Lstudentgui/StudentGUI;)V" line="910"><counter type="INSTRUCTION" missed="6" covered="0"/><counter type="LINE" missed="1" covered="0"/><counter type="COMPLEXITY" missed="1" covered="0"/><counter type="METHOD" missed="1" covered="0"/></method><method name="actionPerformed" desc="(Ljava/awt/event/ActionEvent;)V" line="915"><counter type="INSTRUCTION" missed="3" covered="0"/><counter type="LINE" missed="2" covered="0"/><counter type="COMPLEXITY" missed="1" covered="0"/><counter type="METHOD" missed="1" covered="0"/></method><method name="fetchCollectionFromDisk" desc="()V" line="921"><counter type="INSTRUCTION" missed="104" covered="0"/><counter type="BRANCH" missed="10" covered="0"/><counter type="LINE" missed="21" covered="0"/><counter type="COMPLEXITY" missed="6" covered="0"/><counter type="METHOD" missed="1" covered="0"/></method><counter type="INSTRUCTION" missed="113" covered="0"/><counter type="BRANCH" missed="10" covered="0"/><counter type="LINE" missed="24" covered="0"/><counter type="COMPLEXITY" missed="8" covered="0"/><counter type="METHOD" missed="3" covered="0"/><counter type="CLASS" missed="1" covered="0"/></class><class name="studentgui/DisplayObjectsAsJList$JListKeyAdapter"><method name="&lt;init&gt;" desc="(Lstudentgui/DisplayObjectsAsJList;)V" line="290"><counter type="INSTRUCTION" missed="6" covered="0"/><counter type="LINE" missed="1" covered="0"/><counter type="COMPLEXITY" missed="1" covered="0"/><counter type="METHOD" missed="1" covered="0"/></method><method name="keyReleased" desc="(Ljava/awt/event/KeyEvent;)V" line="296"><counter type="INSTRUCTION" missed="118" covered="0"/><counter type="BRANCH" missed="8" covered="0"/><counter type="LINE" missed="22" covered="0"/><counter type="COMPLEXITY" missed="5" covered="0"/><counter type="METHOD" missed="1" covered="0"/></method><counter type="INSTRUCTION" missed="124" covered="0"/><counter type="BRANCH" missed="8" covered="0"/><counter type="LINE" missed="23" covered="0"/><counter type="COMPLEXITY" missed="6" covered="0"/><counter type="METHOD" missed="2" covered="0"/><counter type="CLASS" missed="1" covered="0"/></class><class name="studentgui/DisplayObjectsAsJList$JListMouseAdapter"><method name="&lt;init&gt;" desc="(Lstudentgui/DisplayObjectsAsJList;)V" line="234"><counter type="INSTRUCTION" missed="6" covered="0"/><counter type="LINE" missed="1" covered="0"/><counter type="COMPLEXITY" missed="1" covered="0"/><counter type="METHOD" missed="1" covered="0"/></method><method name="mouseClicked" desc="(Ljava/awt/event/MouseEvent;)V" line="240"><counter type="INSTRUCTION" missed="130" covered="0"/><counter type="BRANCH" missed="8" covered="0"/><counter type="LINE" missed="23" covered="0"/><counter type="COMPLEXITY" missed="5" covered="0"/><counter type="METHOD" missed="1" covered="0"/></method><counter type="INSTRUCTION" missed="136" covered="0"/><counter type="BRANCH" missed="8" covered="0"/><counter type="LINE" missed="24" covered="0"/><counter type="COMPLEXITY" missed="6" covered="0"/><counter type="METHOD" missed="2" covered="0"/><counter type="CLASS" missed="1" covered="0"/></class><class name="studentgui/StudentGUI$ClearAllFieldsButtonEventProcessor"><method name="&lt;init&gt;" desc="(Lstudentgui/StudentGUI;)V" line="859"><counter type="INSTRUCTION" missed="6" covered="0"/><counter type="LINE" missed="1" covered="0"/><counter type="COMPLEXITY" missed="1" covered="0"/><counter type="METHOD" missed="1" covered="0"/></method><method name="actionPerformed" desc="(Ljava/awt/event/ActionEvent;)V" line="864"><counter type="INSTRUCTION" missed="4" covered="0"/><counter type="LINE" missed="2" covered="0"/><counter type="COMPLEXITY" missed="1" covered="0"/><counter type="METHOD" missed="1" covered="0"/></method><counter type="INSTRUCTION" missed="10" covered="0"/><counter type="LINE" missed="3" covered="0"/><counter type="COMPLEXITY" missed="2" covered="0"/><counter type="METHOD" missed="2" covered="0"/><counter type="CLASS" missed="1" covered="0"/></class><class name="studentgui/StudentGUI$CreateStudentButtonEventProcessor"><method name="&lt;init&gt;" desc="(Lstudentgui/StudentGUI;)V" line="701"><counter type="INSTRUCTION" missed="6" covered="0"/><counter type="LINE" missed="1" covered="0"/><counter type="COMPLEXITY" missed="1" covered="0"/><counter type="METHOD" missed="1" covered="0"/></method><method name="actionPerformed" desc="(Ljava/awt/event/ActionEvent;)V" line="706"><counter type="INSTRUCTION" missed="3" covered="0"/><counter type="LINE" missed="2" covered="0"/><counter type="COMPLEXITY" missed="1" covered="0"/><counter type="METHOD" missed="1" covered="0"/></method><method name="createNewStudent" desc="()V" line="711"><counter type="INSTRUCTION" missed="10" covered="0"/><counter type="BRANCH" missed="2" covered="0"/><counter type="LINE" missed="4" covered="0"/><counter type="COMPLEXITY" missed="2" covered="0"/><counter type="METHOD" missed="1" covered="0"/></method><method name="addStudentToCollection" desc="(Lstudentspec/StudentSpec;)V" line="722"><counter type="INSTRUCTION" missed="60" covered="0"/><counter type="BRANCH" missed="2" covered="0"/><counter type="LINE" missed="11" covered="0"/><counter type="COMPLEXITY" missed="2" covered="0"/><counter type="METHOD" missed="1" covered="0"/></method><counter type="INSTRUCTION" missed="79" covered="0"/><counter type="BRANCH" missed="4" covered="0"/><counter type="LINE" missed="18" covered="0"/><counter type="COMPLEXITY" missed="6" covered="0"/><counter type="METHOD" missed="4" covered="0"/><counter type="CLASS" missed="1" covered="0"/></class><class name="studentgui/StudentGUI$SaveButtonEventProcessor"><method name="&lt;init&gt;" desc="(Lstudentgui/StudentGUI;)V" line="985"><counter type="INSTRUCTION" missed="6" covered="0"/><counter type="LINE" missed="1" covered="0"/><counter type="COMPLEXITY" missed="1" covered="0"/><counter type="METHOD" missed="1" covered="0"/></method><method name="actionPerformed" desc="(Ljava/awt/event/ActionEvent;)V" line="990"><counter type="INSTRUCTION" missed="3" covered="0"/><counter type="LINE" missed="2" covered="0"/><counter type="COMPLEXITY" missed="1" covered="0"/><counter type="METHOD" missed="1" covered="0"/></method><method name="writeCollectionToDisk" desc="()V" line="996"><counter type="INSTRUCTION" missed="103" covered="0"/><counter type="BRANCH" missed="12" covered="0"/><counter type="LINE" missed="19" covered="0"/><counter type="COMPLEXITY" missed="7" covered="0"/><counter type="METHOD" missed="1" covered="0"/></method><counter type="INSTRUCTION" missed="112" covered="0"/><counter type="BRANCH" missed="12" covered="0"/><counter type="LINE" missed="22" covered="0"/><counter type="COMPLEXITY" missed="9" covered="0"/><counter type="METHOD" missed="3" covered="0"/><counter type="CLASS" missed="1" covered="0"/></class><class name="studentgui/StudentGUI$DeleteStudentButtonEventProcessor"><method name="&lt;init&gt;" desc="(Lstudentgui/StudentGUI;)V" line="812"><counter type="INSTRUCTION" missed="6" covered="0"/><counter type="LINE" missed="1" covered="0"/><counter type="COMPLEXITY" missed="1" covered="0"/><counter type="METHOD" missed="1" covered="0"/></method><method name="actionPerformed" desc="(Ljava/awt/event/ActionEvent;)V" line="817"><counter type="INSTRUCTION" missed="3" covered="0"/><counter type="LINE" missed="2" covered="0"/><counter type="COMPLEXITY" missed="1" covered="0"/><counter type="METHOD" missed="1" covered="0"/></method><method name="deleteExistingStudent" desc="()V" line="822"><counter type="INSTRUCTION" missed="9" covered="0"/><counter type="LINE" missed="3" covered="0"/><counter type="COMPLEXITY" missed="1" covered="0"/><counter type="METHOD" missed="1" covered="0"/></method><method name="removeStudentFromCollection" desc="(Ljava/lang/String;)V" line="828"><counter type="INSTRUCTION" missed="55" covered="0"/><counter type="BRANCH" missed="2" covered="0"/><counter type="LINE" missed="9" covered="0"/><counter type="COMPLEXITY" missed="2" covered="0"/><counter type="METHOD" missed="1" covered="0"/></method><counter type="INSTRUCTION" missed="73" covered="0"/><counter type="BRANCH" missed="2" covered="0"/><counter type="LINE" missed="15" covered="0"/><counter type="COMPLEXITY" missed="5" covered="0"/><counter type="METHOD" missed="4" covered="0"/><counter type="CLASS" missed="1" covered="0"/></class><sourcefile name="DisplayObjectsAsJList.java"><line nr="42" mi="6" ci="0" mb="0" cb="0"/><line nr="59" mi="3" ci="0" mb="0" cb="0"/><line nr="62" mi="7" ci="0" mb="0" cb="0"/><line nr="65" mi="7" ci="0" mb="0" cb="0"/><line nr="68" mi="3" ci="0" mb="0" cb="0"/><line nr="69" mi="1" ci="0" mb="0" cb="0"/><line nr="75" mi="3" ci="0" mb="0" cb="0"/><line nr="78" mi="7" ci="0" mb="0" cb="0"/><line nr="81" mi="7" ci="0" mb="0" cb="0"/><line nr="84" mi="3" ci="0" mb="0" cb="0"/><line nr="87" mi="3" ci="0" mb="0" cb="0"/><line nr="88" mi="1" ci="0" mb="0" cb="0"/><line nr="96" mi="3" ci="0" mb="0" cb="0"/><line nr="99" mi="3" ci="0" mb="0" cb="0"/><line nr="106" mi="8" ci="0" mb="0" cb="0"/><line nr="109" mi="6" ci="0" mb="0" cb="0"/><line nr="118" mi="8" ci="0" mb="0" cb="0"/><line nr="120" mi="6" ci="0" mb="0" cb="0"/><line nr="127" mi="8" ci="0" mb="0" cb="0"/><line nr="128" mi="6" ci="0" mb="0" cb="0"/><line nr="135" mi="5" ci="0" mb="0" cb="0"/><line nr="136" mi="6" ci="0" mb="0" cb="0"/><line nr="137" mi="6" ci="0" mb="0" cb="0"/><line nr="144" mi="6" ci="0" mb="0" cb="0"/><line nr="146" mi="4" ci="0" mb="0" cb="0"/><line nr="148" mi="3" ci="0" mb="0" cb="0"/><line nr="149" mi="4" ci="0" mb="0" cb="0"/><line nr="150" mi="5" ci="0" mb="0" cb="0"/><line nr="151" mi="8" ci="0" mb="0" cb="0"/><line nr="153" mi="4" ci="0" mb="0" cb="0"/><line nr="154" mi="3" ci="0" mb="0" cb="0"/><line nr="159" mi="4" ci="0" mb="0" cb="0"/><line nr="160" mi="4" ci="0" mb="0" cb="0"/><line nr="161" mi="1" ci="0" mb="0" cb="0"/><line nr="171" mi="3" ci="0" mb="2" cb="0"/><line nr="173" mi="8" ci="0" mb="0" cb="0"/><line nr="174" mi="10" ci="0" mb="0" cb="0"/><line nr="176" mi="2" ci="0" mb="0" cb="0"/><line nr="178" mi="3" ci="0" mb="0" cb="0"/><line nr="179" mi="1" ci="0" mb="0" cb="0"/><line nr="188" mi="2" ci="0" mb="0" cb="0"/><line nr="189" mi="4" ci="0" mb="0" cb="0"/><line nr="190" mi="1" ci="0" mb="0" cb="0"/><line nr="195" mi="5" ci="0" mb="0" cb="0"/><line nr="196" mi="5" ci="0" mb="0" cb="0"/><line nr="197" mi="5" ci="0" mb="0" cb="0"/><line nr="200" mi="4" ci="0" mb="0" cb="0"/><line nr="201" mi="4" ci="0" mb="0" cb="0"/><line nr="204" mi="4" ci="0" mb="0" cb="0"/><line nr="206" mi="8" ci="0" mb="0" cb="0"/><line nr="209" mi="5" ci="0" mb="0" cb="0"/><line nr="210" mi="1" ci="0" mb="0" cb="0"/><line nr="218" mi="3" ci="0" mb="0" cb="0"/><line nr="219" mi="3" ci="0" mb="0" cb="0"/><line nr="220" mi="1" ci="0" mb="0" cb="0"/><line nr="225" mi="4" ci="0" mb="0" cb="0"/><line nr="226" mi="3" ci="0" mb="0" cb="0"/><line nr="227" mi="1" ci="0" mb="0" cb="0"/><line nr="234" mi="6" ci="0" mb="0" cb="0"/><line nr="240" mi="4" ci="0" mb="2" cb="0"/><line nr="242" mi="1" ci="0" mb="0" cb="0"/><line nr="246" mi="4" ci="0" mb="2" cb="0"/><line nr="249" mi="4" ci="0" mb="2" cb="0"/><line nr="251" mi="3" ci="0" mb="0" cb="0"/><line nr="252" mi="12" ci="0" mb="0" cb="0"/><line nr="253" mi="9" ci="0" mb="0" cb="0"/><line nr="256" mi="7" ci="0" mb="0" cb="0"/><line nr="257" mi="6" ci="0" mb="0" cb="0"/><line nr="258" mi="2" ci="0" mb="0" cb="0"/><line nr="260" mi="9" ci="0" mb="0" cb="0"/><line nr="261" mi="6" ci="0" mb="0" cb="0"/><line nr="262" mi="5" ci="0" mb="0" cb="0"/><line nr="263" mi="12" ci="0" mb="0" cb="0"/><line nr="267" mi="9" ci="0" mb="0" cb="0"/><line nr="268" mi="6" ci="0" mb="0" cb="0"/><line nr="271" mi="4" ci="0" mb="2" cb="0"/><line nr="273" mi="9" ci="0" mb="0" cb="0"/><line nr="276" mi="7" ci="0" mb="0" cb="0"/><line nr="277" mi="6" ci="0" mb="0" cb="0"/><line nr="278" mi="2" ci="0" mb="0" cb="0"/><line nr="280" mi="2" ci="0" mb="0" cb="0"/><line nr="282" mi="1" ci="0" mb="0" cb="0"/><line nr="290" mi="6" ci="0" mb="0" cb="0"/><line nr="296" mi="4" ci="0" mb="2" cb="0"/><line nr="298" mi="1" ci="0" mb="0" cb="0"/><line nr="302" mi="4" ci="0" mb="2" cb="0"/><line nr="305" mi="4" ci="0" mb="2" cb="0"/><line nr="307" mi="3" ci="0" mb="0" cb="0"/><line nr="308" mi="9" ci="0" mb="0" cb="0"/><line nr="311" mi="7" ci="0" mb="0" cb="0"/><line nr="312" mi="6" ci="0" mb="0" cb="0"/><line nr="313" mi="2" ci="0" mb="0" cb="0"/><line nr="315" mi="9" ci="0" mb="0" cb="0"/><line nr="316" mi="6" ci="0" mb="0" cb="0"/><line nr="317" mi="5" ci="0" mb="0" cb="0"/><line nr="318" mi="12" ci="0" mb="0" cb="0"/><line nr="323" mi="9" ci="0" mb="0" cb="0"/><line nr="324" mi="6" ci="0" mb="0" cb="0"/><line nr="327" mi="4" ci="0" mb="2" cb="0"/><line nr="329" mi="9" ci="0" mb="0" cb="0"/><line nr="332" mi="7" ci="0" mb="0" cb="0"/><line nr="333" mi="6" ci="0" mb="0" cb="0"/><line nr="334" mi="2" ci="0" mb="0" cb="0"/><line nr="336" mi="2" ci="0" mb="0" cb="0"/><line nr="338" mi="1" ci="0" mb="0" cb="0"/><counter type="INSTRUCTION" missed="512" covered="0"/><counter type="BRANCH" missed="18" covered="0"/><counter type="LINE" missed="105" covered="0"/><counter type="COMPLEXITY" missed="21" covered="0"/><counter type="METHOD" missed="12" covered="0"/><counter type="CLASS" missed="3" covered="0"/></sourcefile><sourcefile name="StudentGUI.java"><line nr="61" mi="3" ci="0" mb="0" cb="0"/><line nr="67" mi="4" ci="0" mb="0" cb="0"/><line nr="147" mi="3" ci="0" mb="0" cb="0"/><line nr="156" mi="3" ci="0" mb="0" cb="0"/><line nr="157" mi="2" ci="0" mb="0" cb="0"/><line nr="158" mi="1" ci="0" mb="0" cb="0"/><line nr="165" mi="3" ci="0" mb="0" cb="0"/><line nr="166" mi="5" ci="0" mb="0" cb="0"/><line nr="168" mi="4" ci="0" mb="0" cb="0"/><line nr="169" mi="5" ci="0" mb="0" cb="0"/><line nr="171" mi="7" ci="0" mb="0" cb="0"/><line nr="173" mi="3" ci="0" mb="0" cb="0"/><line nr="174" mi="2" ci="0" mb="0" cb="0"/><line nr="180" mi="7" ci="0" mb="0" cb="0"/><line nr="181" mi="1" ci="0" mb="0" cb="0"/><line nr="188" mi="5" ci="0" mb="0" cb="0"/><line nr="189" mi="8" ci="0" mb="0" cb="0"/><line nr="191" mi="2" ci="0" mb="0" cb="0"/><line nr="192" mi="6" ci="0" mb="0" cb="0"/><line nr="194" mi="2" ci="0" mb="0" cb="0"/><line nr="195" mi="6" ci="0" mb="0" cb="0"/><line nr="197" mi="3" ci="0" mb="0" cb="0"/><line nr="199" mi="3" ci="0" mb="0" cb="0"/><line nr="207" mi="5" ci="0" mb="0" cb="0"/><line nr="208" mi="10" ci="0" mb="0" cb="0"/><line nr="214" mi="6" ci="0" mb="0" cb="0"/><line nr="215" mi="4" ci="0" mb="0" cb="0"/><line nr="216" mi="7" ci="0" mb="0" cb="0"/><line nr="217" mi="5" ci="0" mb="0" cb="0"/><line nr="218" mi="7" ci="0" mb="0" cb="0"/><line nr="219" mi="6" ci="0" mb="0" cb="0"/><line nr="220" mi="7" ci="0" mb="0" cb="0"/><line nr="222" mi="6" ci="0" mb="0" cb="0"/><line nr="223" mi="4" ci="0" mb="0" cb="0"/><line nr="224" mi="7" ci="0" mb="0" cb="0"/><line nr="225" mi="5" ci="0" mb="0" cb="0"/><line nr="226" mi="7" ci="0" mb="0" cb="0"/><line nr="227" mi="6" ci="0" mb="0" cb="0"/><line nr="228" mi="7" ci="0" mb="0" cb="0"/><line nr="230" mi="6" ci="0" mb="0" cb="0"/><line nr="231" mi="4" ci="0" mb="0" cb="0"/><line nr="232" mi="7" ci="0" mb="0" cb="0"/><line nr="233" mi="5" ci="0" mb="0" cb="0"/><line nr="234" mi="7" ci="0" mb="0" cb="0"/><line nr="235" mi="6" ci="0" mb="0" cb="0"/><line nr="237" mi="7" ci="0" mb="0" cb="0"/><line nr="239" mi="6" ci="0" mb="0" cb="0"/><line nr="240" mi="4" ci="0" mb="0" cb="0"/><line nr="241" mi="7" ci="0" mb="0" cb="0"/><line nr="242" mi="5" ci="0" mb="0" cb="0"/><line nr="243" mi="7" ci="0" mb="0" cb="0"/><line nr="244" mi="6" ci="0" mb="0" cb="0"/><line nr="245" mi="7" ci="0" mb="0" cb="0"/><line nr="247" mi="6" ci="0" mb="0" cb="0"/><line nr="248" mi="4" ci="0" mb="0" cb="0"/><line nr="249" mi="7" ci="0" mb="0" cb="0"/><line nr="250" mi="5" ci="0" mb="0" cb="0"/><line nr="251" mi="7" ci="0" mb="0" cb="0"/><line nr="252" mi="6" ci="0" mb="0" cb="0"/><line nr="253" mi="7" ci="0" mb="0" cb="0"/><line nr="255" mi="6" ci="0" mb="0" cb="0"/><line nr="256" mi="4" ci="0" mb="0" cb="0"/><line nr="257" mi="7" ci="0" mb="0" cb="0"/><line nr="258" mi="5" ci="0" mb="0" cb="0"/><line nr="259" mi="7" ci="0" mb="0" cb="0"/><line nr="260" mi="6" ci="0" mb="0" cb="0"/><line nr="261" mi="7" ci="0" mb="0" cb="0"/><line nr="263" mi="6" ci="0" mb="0" cb="0"/><line nr="264" mi="4" ci="0" mb="0" cb="0"/><line nr="265" mi="7" ci="0" mb="0" cb="0"/><line nr="266" mi="5" ci="0" mb="0" cb="0"/><line nr="267" mi="7" ci="0" mb="0" cb="0"/><line nr="268" mi="6" ci="0" mb="0" cb="0"/><line nr="269" mi="7" ci="0" mb="0" cb="0"/><line nr="270" mi="1" ci="0" mb="0" cb="0"/><line nr="277" mi="5" ci="0" mb="0" cb="0"/><line nr="278" mi="8" ci="0" mb="0" cb="0"/><line nr="284" mi="2" ci="0" mb="0" cb="0"/><line nr="285" mi="6" ci="0" mb="0" cb="0"/><line nr="287" mi="2" ci="0" mb="0" cb="0"/><line nr="288" mi="6" ci="0" mb="0" cb="0"/><line nr="289" mi="1" ci="0" mb="0" cb="0"/><line nr="297" mi="8" ci="0" mb="0" cb="0"/><line nr="303" mi="6" ci="0" mb="0" cb="0"/><line nr="304" mi="8" ci="0" mb="0" cb="0"/><line nr="305" mi="6" ci="0" mb="0" cb="0"/><line nr="307" mi="6" ci="0" mb="0" cb="0"/><line nr="308" mi="8" ci="0" mb="0" cb="0"/><line nr="309" mi="6" ci="0" mb="0" cb="0"/><line nr="311" mi="6" ci="0" mb="0" cb="0"/><line nr="312" mi="8" ci="0" mb="0" cb="0"/><line nr="313" mi="6" ci="0" mb="0" cb="0"/><line nr="315" mi="6" ci="0" mb="0" cb="0"/><line nr="316" mi="8" ci="0" mb="0" cb="0"/><line nr="317" mi="6" ci="0" mb="0" cb="0"/><line nr="318" mi="1" ci="0" mb="0" cb="0"/><line nr="327" mi="8" ci="0" mb="0" cb="0"/><line nr="333" mi="6" ci="0" mb="0" cb="0"/><line nr="334" mi="8" ci="0" mb="0" cb="0"/><line nr="335" mi="6" ci="0" mb="0" cb="0"/><line nr="337" mi="6" ci="0" mb="0" cb="0"/><line nr="338" mi="8" ci="0" mb="0" cb="0"/><line nr="339" mi="6" ci="0" mb="0" cb="0"/><line nr="341" mi="14" ci="0" mb="0" cb="0"/><line nr="342" mi="6" ci="0" mb="0" cb="0"/><line nr="344" mi="6" ci="0" mb="0" cb="0"/><line nr="345" mi="8" ci="0" mb="0" cb="0"/><line nr="346" mi="6" ci="0" mb="0" cb="0"/><line nr="347" mi="1" ci="0" mb="0" cb="0"/><line nr="354" mi="5" ci="0" mb="0" cb="0"/><line nr="355" mi="6" ci="0" mb="0" cb="0"/><line nr="361" mi="6" ci="0" mb="0" cb="0"/><line nr="362" mi="4" ci="0" mb="0" cb="0"/><line nr="363" mi="4" ci="0" mb="0" cb="0"/><line nr="364" mi="4" ci="0" mb="0" cb="0"/><line nr="365" mi="4" ci="0" mb="0" cb="0"/><line nr="366" mi="4" ci="0" mb="0" cb="0"/><line nr="367" mi="3" ci="0" mb="0" cb="0"/><line nr="368" mi="8" ci="0" mb="0" cb="0"/><line nr="369" mi="4" ci="0" mb="0" cb="0"/><line nr="370" mi="6" ci="0" mb="0" cb="0"/><line nr="372" mi="3" ci="0" mb="0" cb="0"/><line nr="380" mi="4" ci="0" mb="0" cb="0"/><line nr="381" mi="4" ci="0" mb="0" cb="0"/><line nr="382" mi="4" ci="0" mb="0" cb="0"/><line nr="383" mi="4" ci="0" mb="0" cb="0"/><line nr="384" mi="4" ci="0" mb="0" cb="0"/><line nr="385" mi="4" ci="0" mb="0" cb="0"/><line nr="386" mi="4" ci="0" mb="0" cb="0"/><line nr="388" mi="4" ci="0" mb="0" cb="0"/><line nr="389" mi="4" ci="0" mb="0" cb="0"/><line nr="390" mi="4" ci="0" mb="0" cb="0"/><line nr="391" mi="4" ci="0" mb="0" cb="0"/><line nr="392" mi="4" ci="0" mb="0" cb="0"/><line nr="393" mi="4" ci="0" mb="0" cb="0"/><line nr="394" mi="4" ci="0" mb="0" cb="0"/><line nr="396" mi="4" ci="0" mb="0" cb="0"/><line nr="397" mi="4" ci="0" mb="0" cb="0"/><line nr="398" mi="4" ci="0" mb="0" cb="0"/><line nr="399" mi="4" ci="0" mb="0" cb="0"/><line nr="400" mi="4" ci="0" mb="0" cb="0"/><line nr="401" mi="4" ci="0" mb="0" cb="0"/><line nr="402" mi="4" ci="0" mb="0" cb="0"/><line nr="404" mi="5" ci="0" mb="0" cb="0"/><line nr="405" mi="2" ci="0" mb="0" cb="0"/><line nr="406" mi="1" ci="0" mb="0" cb="0"/><line nr="415" mi="10" ci="0" mb="2" cb="0"/><line nr="423" mi="2" ci="0" mb="0" cb="0"/><line nr="425" mi="2" ci="0" mb="0" cb="0"/><line nr="431" mi="4" ci="0" mb="0" cb="0"/><line nr="432" mi="5" ci="0" mb="2" cb="0"/><line nr="434" mi="2" ci="0" mb="0" cb="0"/><line nr="435" mi="4" ci="0" mb="0" cb="0"/><line nr="436" mi="5" ci="0" mb="0" cb="0"/><line nr="440" mi="4" ci="0" mb="0" cb="0"/><line nr="441" mi="4" ci="0" mb="0" cb="0"/><line nr="448" mi="4" ci="0" mb="0" cb="0"/><line nr="449" mi="5" ci="0" mb="2" cb="0"/><line nr="451" mi="2" ci="0" mb="0" cb="0"/><line nr="452" mi="4" ci="0" mb="0" cb="0"/><line nr="453" mi="5" ci="0" mb="0" cb="0"/><line nr="457" mi="4" ci="0" mb="0" cb="0"/><line nr="458" mi="4" ci="0" mb="0" cb="0"/><line nr="465" mi="4" ci="0" mb="0" cb="0"/><line nr="466" mi="5" ci="0" mb="2" cb="0"/><line nr="468" mi="2" ci="0" mb="0" cb="0"/><line nr="469" mi="4" ci="0" mb="0" cb="0"/><line nr="470" mi="5" ci="0" mb="0" cb="0"/><line nr="474" mi="4" ci="0" mb="0" cb="0"/><line nr="475" mi="4" ci="0" mb="0" cb="0"/><line nr="482" mi="4" ci="0" mb="0" cb="0"/><line nr="483" mi="5" ci="0" mb="2" cb="0"/><line nr="485" mi="2" ci="0" mb="0" cb="0"/><line nr="486" mi="4" ci="0" mb="0" cb="0"/><line nr="487" mi="5" ci="0" mb="0" cb="0"/><line nr="491" mi="4" ci="0" mb="0" cb="0"/><line nr="492" mi="4" ci="0" mb="0" cb="0"/><line nr="499" mi="4" ci="0" mb="0" cb="0"/><line nr="500" mi="5" ci="0" mb="2" cb="0"/><line nr="502" mi="2" ci="0" mb="0" cb="0"/><line nr="503" mi="4" ci="0" mb="0" cb="0"/><line nr="504" mi="5" ci="0" mb="0" cb="0"/><line nr="508" mi="4" ci="0" mb="0" cb="0"/><line nr="509" mi="4" ci="0" mb="0" cb="0"/><line nr="516" mi="4" ci="0" mb="0" cb="0"/><line nr="520" mi="3" ci="0" mb="0" cb="0"/><line nr="521" mi="6" ci="0" mb="2" cb="0"/><line nr="523" mi="2" ci="0" mb="0" cb="0"/><line nr="524" mi="4" ci="0" mb="0" cb="0"/><line nr="525" mi="5" ci="0" mb="0" cb="0"/><line nr="529" mi="4" ci="0" mb="0" cb="0"/><line nr="530" mi="4" ci="0" mb="0" cb="0"/><line nr="533" mi="1" ci="0" mb="0" cb="0"/><line nr="535" mi="2" ci="0" mb="0" cb="0"/><line nr="536" mi="2" ci="0" mb="0" cb="0"/><line nr="537" mi="4" ci="0" mb="0" cb="0"/><line nr="538" mi="4" ci="0" mb="0" cb="0"/><line nr="539" mi="1" ci="0" mb="0" cb="0"/><line nr="545" mi="4" ci="0" mb="0" cb="0"/><line nr="549" mi="3" ci="0" mb="0" cb="0"/><line nr="550" mi="6" ci="0" mb="2" cb="0"/><line nr="552" mi="2" ci="0" mb="0" cb="0"/><line nr="553" mi="4" ci="0" mb="0" cb="0"/><line nr="554" mi="5" ci="0" mb="0" cb="0"/><line nr="558" mi="4" ci="0" mb="0" cb="0"/><line nr="559" mi="4" ci="0" mb="0" cb="0"/><line nr="562" mi="1" ci="0" mb="0" cb="0"/><line nr="564" mi="2" ci="0" mb="0" cb="0"/><line nr="565" mi="2" ci="0" mb="0" cb="0"/><line nr="566" mi="4" ci="0" mb="0" cb="0"/><line nr="567" mi="4" ci="0" mb="0" cb="0"/><line nr="568" mi="1" ci="0" mb="0" cb="0"/><line nr="574" mi="2" ci="0" mb="0" cb="0"/><line nr="575" mi="2" ci="0" mb="2" cb="0"/><line nr="579" mi="9" ci="0" mb="0" cb="0"/><line nr="582" mi="1" ci="0" mb="0" cb="0"/><line nr="584" mi="2" ci="0" mb="0" cb="0"/><line nr="586" mi="5" ci="0" mb="0" cb="0"/><line nr="588" mi="6" ci="0" mb="0" cb="0"/><line nr="589" mi="2" ci="0" mb="0" cb="0"/><line nr="593" mi="5" ci="0" mb="0" cb="0"/><line nr="595" mi="2" ci="0" mb="0" cb="0"/><line nr="597" mi="2" ci="0" mb="0" cb="0"/><line nr="605" mi="3" ci="0" mb="2" cb="0"/><line nr="607" mi="1" ci="0" mb="0" cb="0"/><line nr="609" mi="7" ci="0" mb="0" cb="0"/><line nr="610" mi="12" ci="0" mb="0" cb="0"/><line nr="611" mi="1" ci="0" mb="0" cb="0"/><line nr="616" mi="3" ci="0" mb="0" cb="0"/><line nr="617" mi="4" ci="0" mb="0" cb="0"/><line nr="619" mi="2" ci="0" mb="0" cb="0"/><line nr="620" mi="3" ci="0" mb="2" cb="0"/><line nr="622" mi="6" ci="0" mb="0" cb="0"/><line nr="623" mi="2" ci="0" mb="0" cb="0"/><line nr="625" mi="2" ci="0" mb="0" cb="0"/><line nr="649" mi="2" ci="0" mb="0" cb="0"/><line nr="650" mi="1" ci="0" mb="0" cb="0"/><line nr="654" mi="5" ci="0" mb="0" cb="0"/><line nr="656" mi="5" ci="0" mb="0" cb="0"/><line nr="657" mi="5" ci="0" mb="0" cb="0"/><line nr="658" mi="5" ci="0" mb="0" cb="0"/><line nr="659" mi="5" ci="0" mb="0" cb="0"/><line nr="660" mi="5" ci="0" mb="0" cb="0"/><line nr="661" mi="6" ci="0" mb="0" cb="0"/><line nr="662" mi="6" ci="0" mb="0" cb="0"/><line nr="664" mi="2" ci="0" mb="0" cb="0"/><line nr="665" mi="1" ci="0" mb="0" cb="0"/><line nr="671" mi="6" ci="0" mb="0" cb="0"/><line nr="680" mi="6" ci="0" mb="0" cb="0"/><line nr="686" mi="2" ci="0" mb="2" cb="0"/><line nr="692" mi="7" ci="0" mb="0" cb="0"/><line nr="694" mi="1" ci="0" mb="0" cb="0"/><line nr="701" mi="6" ci="0" mb="0" cb="0"/><line nr="706" mi="2" ci="0" mb="0" cb="0"/><line nr="707" mi="1" ci="0" mb="0" cb="0"/><line nr="711" mi="4" ci="0" mb="0" cb="0"/><line nr="712" mi="2" ci="0" mb="2" cb="0"/><line nr="714" mi="3" ci="0" mb="0" cb="0"/><line nr="716" mi="1" ci="0" mb="0" cb="0"/><line nr="722" mi="5" ci="0" mb="0" cb="0"/><line nr="723" mi="2" ci="0" mb="2" cb="0"/><line nr="725" mi="5" ci="0" mb="0" cb="0"/><line nr="727" mi="14" ci="0" mb="0" cb="0"/><line nr="733" mi="3" ci="0" mb="0" cb="0"/><line nr="736" mi="4" ci="0" mb="0" cb="0"/><line nr="740" mi="10" ci="0" mb="0" cb="0"/><line nr="743" mi="5" ci="0" mb="0" cb="0"/><line nr="745" mi="8" ci="0" mb="0" cb="0"/><line nr="747" mi="3" ci="0" mb="0" cb="0"/><line nr="748" mi="1" ci="0" mb="0" cb="0"/><line nr="755" mi="6" ci="0" mb="0" cb="0"/><line nr="760" mi="2" ci="0" mb="0" cb="0"/><line nr="761" mi="1" ci="0" mb="0" cb="0"/><line nr="765" mi="4" ci="0" mb="0" cb="0"/><line nr="766" mi="2" ci="0" mb="2" cb="0"/><line nr="768" mi="3" ci="0" mb="0" cb="0"/><line nr="770" mi="1" ci="0" mb="0" cb="0"/><line nr="776" mi="5" ci="0" mb="0" cb="0"/><line nr="777" mi="2" ci="0" mb="2" cb="0"/><line nr="779" mi="2" ci="0" mb="0" cb="0"/><line nr="780" mi="5" ci="0" mb="0" cb="0"/><line nr="781" mi="5" ci="0" mb="0" cb="0"/><line nr="783" mi="16" ci="0" mb="0" cb="0"/><line nr="789" mi="3" ci="0" mb="0" cb="0"/><line nr="792" mi="3" ci="0" mb="0" cb="0"/><line nr="793" mi="1" ci="0" mb="0" cb="0"/><line nr="796" mi="10" ci="0" mb="0" cb="0"/><line nr="800" mi="5" ci="0" mb="0" cb="0"/><line nr="802" mi="8" ci="0" mb="0" cb="0"/><line nr="804" mi="3" ci="0" mb="0" cb="0"/><line nr="805" mi="1" ci="0" mb="0" cb="0"/><line nr="812" mi="6" ci="0" mb="0" cb="0"/><line nr="817" mi="2" ci="0" mb="0" cb="0"/><line nr="818" mi="1" ci="0" mb="0" cb="0"/><line nr="822" mi="5" ci="0" mb="0" cb="0"/><line nr="823" mi="3" ci="0" mb="0" cb="0"/><line nr="824" mi="1" ci="0" mb="0" cb="0"/><line nr="828" mi="6" ci="0" mb="0" cb="0"/><line nr="829" mi="2" ci="0" mb="2" cb="0"/><line nr="831" mi="14" ci="0" mb="0" cb="0"/><line nr="836" mi="3" ci="0" mb="0" cb="0"/><line nr="839" mi="4" ci="0" mb="0" cb="0"/><line nr="843" mi="14" ci="0" mb="0" cb="0"/><line nr="849" mi="8" ci="0" mb="0" cb="0"/><line nr="851" mi="3" ci="0" mb="0" cb="0"/><line nr="852" mi="1" ci="0" mb="0" cb="0"/><line nr="859" mi="6" ci="0" mb="0" cb="0"/><line nr="864" mi="3" ci="0" mb="0" cb="0"/><line nr="865" mi="1" ci="0" mb="0" cb="0"/><line nr="872" mi="6" ci="0" mb="0" cb="0"/><line nr="877" mi="2" ci="0" mb="0" cb="0"/><line nr="878" mi="5" ci="0" mb="0" cb="0"/><line nr="879" mi="1" ci="0" mb="0" cb="0"/><line nr="883" mi="4" ci="0" mb="2" cb="0"/><line nr="885" mi="2" ci="0" mb="0" cb="0"/><line nr="886" mi="8" ci="0" mb="2" cb="0"/><line nr="888" mi="18" ci="0" mb="0" cb="0"/><line nr="890" mi="3" ci="0" mb="0" cb="0"/><line nr="901" mi="6" ci="0" mb="0" cb="0"/><line nr="903" mi="1" ci="0" mb="0" cb="0"/><line nr="910" mi="6" ci="0" mb="0" cb="0"/><line nr="915" mi="2" ci="0" mb="0" cb="0"/><line nr="916" mi="1" ci="0" mb="0" cb="0"/><line nr="921" mi="2" ci="0" mb="0" cb="0"/><line nr="924" mi="6" ci="0" mb="0" cb="0"/><line nr="929" mi="6" ci="0" mb="4" cb="0"/><line nr="931" mi="5" ci="0" mb="0" cb="0"/><line nr="937" mi="6" ci="0" mb="4" cb="0"/><line nr="939" mi="3" ci="0" mb="0" cb="0"/><line nr="940" mi="3" ci="0" mb="0" cb="0"/><line nr="942" mi="2" ci="0" mb="2" cb="0"/><line nr="944" mi="5" ci="0" mb="0" cb="0"/><line nr="949" mi="1" ci="0" mb="0" cb="0"/><line nr="954" mi="5" ci="0" mb="0" cb="0"/><line nr="956" mi="12" ci="0" mb="0" cb="0"/><line nr="962" mi="5" ci="0" mb="0" cb="0"/><line nr="963" mi="14" ci="0" mb="0" cb="0"/><line nr="966" mi="3" ci="0" mb="0" cb="0"/><line nr="968" mi="1" ci="0" mb="0" cb="0"/><line nr="970" mi="12" ci="0" mb="0" cb="0"/><line nr="973" mi="6" ci="0" mb="0" cb="0"/><line nr="974" mi="5" ci="0" mb="0" cb="0"/><line nr="977" mi="1" ci="0" mb="0" cb="0"/><line nr="978" mi="1" ci="0" mb="0" cb="0"/><line nr="985" mi="6" ci="0" mb="0" cb="0"/><line nr="990" mi="2" ci="0" mb="0" cb="0"/><line nr="991" mi="1" ci="0" mb="0" cb="0"/><line nr="996" mi="2" ci="0" mb="0" cb="0"/><line nr="1004" mi="11" ci="0" mb="0" cb="0"/><line nr="1011" mi="1" ci="0" mb="0" cb="0"/><line nr="1012" mi="6" ci="0" mb="4" cb="0"/><line nr="1014" mi="5" ci="0" mb="0" cb="0"/><line nr="1020" mi="6" ci="0" mb="4" cb="0"/><line nr="1022" mi="3" ci="0" mb="0" cb="0"/><line nr="1023" mi="3" ci="0" mb="0" cb="0"/><line nr="1028" mi="2" ci="0" mb="2" cb="0"/><line nr="1030" mi="15" ci="0" mb="0" cb="0"/><line nr="1038" mi="3" ci="0" mb="2" cb="0"/><line nr="1040" mi="5" ci="0" mb="0" cb="0"/><line nr="1044" mi="1" ci="0" mb="0" cb="0"/><line nr="1048" mi="5" ci="0" mb="0" cb="0"/><line nr="1050" mi="12" ci="0" mb="0" cb="0"/><line nr="1056" mi="5" ci="0" mb="0" cb="0"/><line nr="1057" mi="14" ci="0" mb="0" cb="0"/><line nr="1060" mi="3" ci="0" mb="0" cb="0"/><line nr="1061" mi="1" ci="0" mb="0" cb="0"/><counter type="INSTRUCTION" missed="1690" covered="0"/><counter type="BRANCH" missed="60" covered="0"/><counter type="LINE" missed="366" covered="0"/><counter type="COMPLEXITY" missed="70" covered="0"/><counter type="METHOD" missed="40" covered="0"/><counter type="CLASS" missed="9" covered="0"/></sourcefile><counter type="INSTRUCTION" missed="2202" covered="0"/><counter type="BRANCH" missed="78" covered="0"/><counter type="LINE" missed="471" covered="0"/><counter type="COMPLEXITY" missed="91" covered="0"/><counter type="METHOD" missed="52" covered="0"/><counter type="CLASS" missed="12" covered="0"/></package><package name="studentcollection"><class name="studentcollection/StudentCollection"><method name="&lt;init&gt;" desc="(I)V" line="80"><counter type="INSTRUCTION" missed="0" covered="10"/><counter type="LINE" missed="0" covered="4"/><counter type="COMPLEXITY" missed="0" covered="1"/><counter type="METHOD" missed="0" covered="1"/></method><method name="createStudentCollection" desc="()Lstudentcollection/StudentCollectionSpec;" line="98"><counter type="INSTRUCTION" missed="0" covered="5"/><counter type="LINE" missed="0" covered="1"/><counter type="COMPLEXITY" missed="0" covered="1"/><counter type="METHOD" missed="0" covered="1"/></method><method name="createStudentCollection" desc="(I)Lstudentcollection/StudentCollectionSpec;" line="109"><counter type="INSTRUCTION" missed="0" covered="12"/><counter type="BRANCH" missed="0" covered="2"/><counter type="LINE" missed="0" covered="3"/><counter type="COMPLEXITY" missed="0" covered="2"/><counter type="METHOD" missed="0" covered="1"/></method><method name="getCapacity" desc="()I" line="122"><counter type="INSTRUCTION" missed="0" covered="4"/><counter type="LINE" missed="0" covered="1"/><counter type="COMPLEXITY" missed="0" covered="1"/><counter type="METHOD" missed="0" covered="1"/></method><method name="reset" desc="()V" line="129"><counter type="INSTRUCTION" missed="0" covered="17"/><counter type="BRANCH" missed="0" covered="2"/><counter type="LINE" missed="0" covered="4"/><counter type="COMPLEXITY" missed="0" covered="2"/><counter type="METHOD" missed="0" covered="1"/></method><method name="isFull" desc="()Z" line="139"><counter type="INSTRUCTION" missed="0" covered="10"/><counter type="BRANCH" missed="0" covered="2"/><counter type="LINE" missed="0" covered="1"/><counter type="COMPLEXITY" missed="0" covered="2"/><counter type="METHOD" missed="0" covered="1"/></method><method name="isEmpty" desc="()Z" line="145"><counter type="INSTRUCTION" missed="0" covered="7"/><counter type="BRANCH" missed="0" covered="2"/><counter type="LINE" missed="0" covered="1"/><counter type="COMPLEXITY" missed="0" covered="2"/><counter type="METHOD" missed="0" covered="1"/></method><method name="getStudentCount" desc="()I" line="151"><counter type="INSTRUCTION" missed="0" covered="3"/><counter type="LINE" missed="0" covered="1"/><counter type="COMPLEXITY" missed="0" covered="1"/><counter type="METHOD" missed="0" covered="1"/></method><method name="addStudent" desc="(Lstudentspec/StudentSpec;)V" line="160"><counter type="INSTRUCTION" missed="0" covered="30"/><counter type="BRANCH" missed="0" covered="4"/><counter type="LINE" missed="0" covered="7"/><counter type="COMPLEXITY" missed="0" covered="3"/><counter type="METHOD" missed="0" covered="1"/></method><method name="retrieveStudentBySID" desc="(Ljava/lang/String;)Lstudentspec/StudentSpec;" line="207"><counter type="INSTRUCTION" missed="0" covered="23"/><counter type="BRANCH" missed="0" covered="4"/><counter type="LINE" missed="0" covered="7"/><counter type="COMPLEXITY" missed="0" covered="3"/><counter type="METHOD" missed="0" covered="1"/></method><method name="findPositionWithMatchingKey" desc="(Ljava/lang/String;)I" line="273"><counter type="INSTRUCTION" missed="4" covered="31"/><counter type="BRANCH" missed="2" covered="8"/><counter type="LINE" missed="0" covered="8"/><counter type="COMPLEXITY" missed="2" covered="4"/><counter type="METHOD" missed="0" covered="1"/></method><method name="removeStudentBySID" desc="(Ljava/lang/String;)Lstudentspec/StudentSpec;" line="309"><counter type="INSTRUCTION" missed="0" covered="51"/><counter type="BRANCH" missed="0" covered="6"/><counter type="LINE" missed="0" covered="11"/><counter type="COMPLEXITY" missed="0" covered="4"/><counter type="METHOD" missed="0" covered="1"/></method><method name="toString" desc="()Ljava/lang/String;" line="378"><counter type="INSTRUCTION" missed="0" covered="43"/><counter type="BRANCH" missed="0" covered="4"/><counter type="LINE" missed="0" covered="8"/><counter type="COMPLEXITY" missed="0" covered="3"/><counter type="METHOD" missed="0" covered="1"/></method><method name="getSpacesRemaining" desc="()I" line="409"><counter type="INSTRUCTION" missed="0" covered="7"/><counter type="LINE" missed="0" covered="1"/><counter type="COMPLEXITY" missed="0" covered="1"/><counter type="METHOD" missed="0" covered="1"/></method><method name="createIterator" desc="()Ljava/util/Iterator;" line="415"><counter type="INSTRUCTION" missed="0" covered="5"/><counter type="LINE" missed="0" covered="1"/><counter type="COMPLEXITY" missed="0" covered="1"/><counter type="METHOD" missed="0" covered="1"/></method><method name="writeCollectionToDisk" desc="(Ljava/lang/String;)V" line="485"><counter type="INSTRUCTION" missed="19" covered="38"/><counter type="BRANCH" missed="0" covered="4"/><counter type="LINE" missed="3" covered="11"/><counter type="COMPLEXITY" missed="0" covered="3"/><counter type="METHOD" missed="0" covered="1"/></method><method name="retrieveCollectionFromDisk" desc="(Ljava/lang/String;)V" line="527"><counter type="INSTRUCTION" missed="15" covered="109"/><counter type="BRANCH" missed="0" covered="6"/><counter type="LINE" missed="3" covered="24"/><counter type="COMPLEXITY" missed="0" covered="4"/><counter type="METHOD" missed="0" covered="1"/></method><method name="&lt;clinit&gt;" desc="()V" line="59"><counter type="INSTRUCTION" missed="2" covered="6"/><counter type="BRANCH" missed="1" covered="1"/><counter type="LINE" missed="0" covered="1"/><counter type="COMPLEXITY" missed="1" covered="1"/><counter type="METHOD" missed="0" covered="1"/></method><counter type="INSTRUCTION" missed="40" covered="411"/><counter type="BRANCH" missed="3" covered="45"/><counter type="LINE" missed="6" covered="95"/><counter type="COMPLEXITY" missed="3" covered="39"/><counter type="METHOD" missed="0" covered="18"/><counter type="CLASS" missed="0" covered="1"/></class><class name="studentcollection/StudentCollectionSpec"><method name="createStudentCollection" desc="()Lstudentcollection/StudentCollectionSpec;" line="43"><counter type="INSTRUCTION" missed="5" covered="0"/><counter type="LINE" missed="1" covered="0"/><counter type="COMPLEXITY" missed="1" covered="0"/><counter type="METHOD" missed="1" covered="0"/></method><method name="createStudentCollection" desc="(I)Lstudentcollection/StudentCollectionSpec;" line="58"><counter type="INSTRUCTION" missed="5" covered="0"/><counter type="LINE" missed="1" covered="0"/><counter type="COMPLEXITY" missed="1" covered="0"/><counter type="METHOD" missed="1" covered="0"/></method><method name="fileExists" desc="(Ljava/lang/String;)Z" line="159"><counter type="INSTRUCTION" missed="10" covered="18"/><counter type="BRANCH" missed="2" covered="2"/><counter type="LINE" missed="2" covered="6"/><counter type="COMPLEXITY" missed="2" covered="1"/><counter type="METHOD" missed="0" covered="1"/></method><counter type="INSTRUCTION" missed="20" covered="18"/><counter type="BRANCH" missed="2" covered="2"/><counter type="LINE" missed="4" covered="6"/><counter type="COMPLEXITY" missed="4" covered="1"/><counter type="METHOD" missed="2" covered="1"/><counter type="CLASS" missed="0" covered="1"/></class><class name="studentcollection/StudentCollection$CollectionIterator"><method name="&lt;init&gt;" desc="(Lstudentcollection/StudentCollection;)V" line="441"><counter type="INSTRUCTION" missed="0" covered="9"/><counter type="LINE" missed="0" covered="3"/><counter type="COMPLEXITY" missed="0" covered="1"/><counter type="METHOD" missed="0" covered="1"/></method><method name="hasNext" desc="()Z" line="448"><counter type="INSTRUCTION" missed="0" covered="10"/><counter type="BRANCH" missed="0" covered="2"/><counter type="LINE" missed="0" covered="1"/><counter type="COMPLEXITY" missed="0" covered="2"/><counter type="METHOD" missed="0" covered="1"/></method><method name="next" desc="()Lstudentspec/StudentSpec;" line="454"><counter type="INSTRUCTION" missed="0" covered="26"/><counter type="BRANCH" missed="0" covered="2"/><counter type="LINE" missed="0" covered="5"/><counter type="COMPLEXITY" missed="0" covered="2"/><counter type="METHOD" missed="0" covered="1"/></method><method name="remove" desc="()V" line="472"><counter type="INSTRUCTION" missed="0" covered="5"/><counter type="LINE" missed="0" covered="1"/><counter type="COMPLEXITY" missed="0" covered="1"/><counter type="METHOD" missed="0" covered="1"/></method><counter type="INSTRUCTION" missed="0" covered="50"/><counter type="BRANCH" missed="0" covered="4"/><counter type="LINE" missed="0" covered="10"/><counter type="COMPLEXITY" missed="0" covered="6"/><counter type="METHOD" missed="0" covered="4"/><counter type="CLASS" missed="0" covered="1"/></class><class name="studentcollection/StudentCollectionSpec$StudentCollectionException"><method name="&lt;init&gt;" desc="(Ljava/lang/String;)V" line="229"><counter type="INSTRUCTION" missed="0" covered="4"/><counter type="LINE" missed="0" covered="2"/><counter type="COMPLEXITY" missed="0" covered="1"/><counter type="METHOD" missed="0" covered="1"/></method><method name="&lt;init&gt;" desc="(Ljava/lang/String;Ljava/lang/Throwable;)V" line="236"><counter type="INSTRUCTION" missed="0" covered="5"/><counter type="LINE" missed="0" covered="2"/><counter type="COMPLEXITY" missed="0" covered="1"/><counter type="METHOD" missed="0" covered="1"/></method><counter type="INSTRUCTION" missed="0" covered="9"/><counter type="LINE" missed="0" covered="4"/><counter type="COMPLEXITY" missed="0" covered="2"/><counter type="METHOD" missed="0" covered="2"/><counter type="CLASS" missed="0" covered="1"/></class><sourcefile name="StudentCollection.java"><line nr="59" mi="2" ci="6" mb="1" cb="1"/><line nr="80" mi="0" ci="2" mb="0" cb="0"/><line nr="84" mi="0" ci="4" mb="0" cb="0"/><line nr="88" mi="0" ci="3" mb="0" cb="0"/><line nr="89" mi="0" ci="1" mb="0" cb="0"/><line nr="98" mi="0" ci="5" mb="0" cb="0"/><line nr="109" mi="0" ci="2" mb="0" cb="2"/><line nr="111" mi="0" ci="5" mb="0" cb="0"/><line nr="114" mi="0" ci="5" mb="0" cb="0"/><line nr="122" mi="0" ci="4" mb="0" cb="0"/><line nr="129" mi="0" ci="8" mb="0" cb="2"/><line nr="131" mi="0" ci="5" mb="0" cb="0"/><line nr="133" mi="0" ci="3" mb="0" cb="0"/><line nr="134" mi="0" ci="1" mb="0" cb="0"/><line nr="139" mi="0" ci="10" mb="0" cb="2"/><line nr="145" mi="0" ci="7" mb="0" cb="2"/><line nr="151" mi="0" ci="3" mb="0" cb="0"/><line nr="160" mi="0" ci="2" mb="0" cb="2"/><line nr="162" mi="0" ci="5" mb="0" cb="0"/><line nr="169" mi="0" ci="5" mb="0" cb="2"/><line nr="171" mi="0" ci="5" mb="0" cb="0"/><line nr="178" mi="0" ci="6" mb="0" cb="0"/><line nr="184" mi="0" ci="6" mb="0" cb="0"/><line nr="185" mi="0" ci="1" mb="0" cb="0"/><line nr="207" mi="0" ci="2" mb="0" cb="2"/><line nr="209" mi="0" ci="5" mb="0" cb="0"/><line nr="212" mi="0" ci="2" mb="0" cb="0"/><line nr="216" mi="0" ci="4" mb="0" cb="0"/><line nr="218" mi="0" ci="3" mb="0" cb="2"/><line nr="220" mi="0" ci="5" mb="0" cb="0"/><line nr="223" mi="0" ci="2" mb="0" cb="0"/><line nr="273" mi="4" ci="4" mb="2" cb="2"/><line nr="275" mi="0" ci="2" mb="0" cb="0"/><line nr="281" mi="0" ci="12" mb="0" cb="4"/><line nr="287" mi="0" ci="2" mb="0" cb="0"/><line nr="295" mi="0" ci="4" mb="0" cb="2"/><line nr="297" mi="0" ci="3" mb="0" cb="0"/><line nr="301" mi="0" ci="2" mb="0" cb="0"/><line nr="303" mi="0" ci="2" mb="0" cb="0"/><line nr="309" mi="0" ci="2" mb="0" cb="0"/><line nr="310" mi="0" ci="2" mb="0" cb="2"/><line nr="315" mi="0" ci="4" mb="0" cb="0"/><line nr="317" mi="0" ci="3" mb="0" cb="2"/><line nr="319" mi="0" ci="5" mb="0" cb="0"/><line nr="322" mi="0" ci="6" mb="0" cb="2"/><line nr="324" mi="0" ci="11" mb="0" cb="0"/><line nr="328" mi="0" ci="8" mb="0" cb="0"/><line nr="331" mi="0" ci="6" mb="0" cb="0"/><line nr="333" mi="0" ci="2" mb="0" cb="0"/><line nr="337" mi="0" ci="2" mb="0" cb="0"/><line nr="378" mi="0" ci="5" mb="0" cb="0"/><line nr="382" mi="0" ci="3" mb="0" cb="2"/><line nr="384" mi="0" ci="5" mb="0" cb="0"/><line nr="391" mi="0" ci="8" mb="0" cb="0"/><line nr="397" mi="0" ci="8" mb="0" cb="2"/><line nr="399" mi="0" ci="4" mb="0" cb="0"/><line nr="400" mi="0" ci="7" mb="0" cb="0"/><line nr="403" mi="0" ci="3" mb="0" cb="0"/><line nr="409" mi="0" ci="7" mb="0" cb="0"/><line nr="415" mi="0" ci="5" mb="0" cb="0"/><line nr="441" mi="0" ci="5" mb="0" cb="0"/><line nr="442" mi="0" ci="3" mb="0" cb="0"/><line nr="443" mi="0" ci="1" mb="0" cb="0"/><line nr="448" mi="0" ci="10" mb="0" cb="2"/><line nr="454" mi="0" ci="6" mb="0" cb="2"/><line nr="457" mi="0" ci="7" mb="0" cb="0"/><line nr="458" mi="0" ci="6" mb="0" cb="0"/><line nr="460" mi="0" ci="2" mb="0" cb="0"/><line nr="464" mi="0" ci="5" mb="0" cb="0"/><line nr="472" mi="0" ci="5" mb="0" cb="0"/><line nr="485" mi="0" ci="2" mb="0" cb="2"/><line nr="487" mi="0" ci="5" mb="0" cb="0"/><line nr="489" mi="0" ci="3" mb="0" cb="0"/><line nr="490" mi="0" ci="3" mb="0" cb="2"/><line nr="492" mi="0" ci="5" mb="0" cb="0"/><line nr="500" mi="0" ci="5" mb="0" cb="0"/><line nr="507" mi="0" ci="8" mb="0" cb="0"/><line nr="510" mi="0" ci="3" mb="0" cb="0"/><line nr="512" mi="0" ci="2" mb="0" cb="0"/><line nr="514" mi="1" ci="0" mb="0" cb="0"/><line nr="518" mi="12" ci="0" mb="0" cb="0"/><line nr="519" mi="6" ci="0" mb="0" cb="0"/><line nr="520" mi="0" ci="1" mb="0" cb="0"/><line nr="521" mi="0" ci="1" mb="0" cb="0"/><line nr="527" mi="0" ci="2" mb="0" cb="2"/><line nr="529" mi="0" ci="5" mb="0" cb="0"/><line nr="532" mi="0" ci="3" mb="0" cb="0"/><line nr="533" mi="0" ci="3" mb="0" cb="2"/><line nr="535" mi="0" ci="5" mb="0" cb="0"/><line nr="541" mi="0" ci="5" mb="0" cb="0"/><line nr="544" mi="0" ci="3" mb="0" cb="2"/><line nr="549" mi="0" ci="8" mb="0" cb="0"/><line nr="553" mi="0" ci="4" mb="0" cb="0"/><line nr="555" mi="0" ci="2" mb="0" cb="0"/><line nr="559" mi="0" ci="4" mb="0" cb="0"/><line nr="560" mi="0" ci="4" mb="0" cb="0"/><line nr="562" mi="0" ci="1" mb="0" cb="0"/><line nr="566" mi="0" ci="8" mb="0" cb="0"/><line nr="570" mi="0" ci="6" mb="0" cb="0"/><line nr="572" mi="0" ci="1" mb="0" cb="0"/><line nr="576" mi="0" ci="8" mb="0" cb="0"/><line nr="579" mi="0" ci="6" mb="0" cb="0"/><line nr="581" mi="1" ci="0" mb="0" cb="0"/><line nr="585" mi="8" ci="0" mb="0" cb="0"/><line nr="587" mi="6" ci="0" mb="0" cb="0"/><line nr="589" mi="0" ci="1" mb="0" cb="0"/><line nr="593" mi="0" ci="8" mb="0" cb="0"/><line nr="594" mi="0" ci="6" mb="0" cb="0"/><line nr="595" mi="0" ci="1" mb="0" cb="0"/><line nr="600" mi="0" ci="14" mb="0" cb="0"/><line nr="603" mi="0" ci="1" mb="0" cb="0"/><counter type="INSTRUCTION" missed="40" covered="461"/><counter type="BRANCH" missed="3" covered="49"/><counter type="LINE" missed="6" covered="105"/><counter type="COMPLEXITY" missed="3" covered="45"/><counter type="METHOD" missed="0" covered="22"/><counter type="CLASS" missed="0" covered="2"/></sourcefile><sourcefile name="StudentCollectionSpec.java"><line nr="43" mi="5" ci="0" mb="0" cb="0"/><line nr="58" mi="5" ci="0" mb="0" cb="0"/><line nr="159" mi="0" ci="2" mb="1" cb="1"/><line nr="161" mi="5" ci="0" mb="0" cb="0"/><line nr="164" mi="0" ci="3" mb="0" cb="0"/><line nr="165" mi="0" ci="3" mb="1" cb="1"/><line nr="167" mi="5" ci="0" mb="0" cb="0"/><line nr="172" mi="0" ci="5" mb="0" cb="0"/><line nr="173" mi="0" ci="3" mb="0" cb="0"/><line nr="175" mi="0" ci="2" mb="0" cb="0"/><line nr="229" mi="0" ci="3" mb="0" cb="0"/><line nr="230" mi="0" ci="1" mb="0" cb="0"/><line nr="236" mi="0" ci="4" mb="0" cb="0"/><line nr="237" mi="0" ci="1" mb="0" cb="0"/><counter type="INSTRUCTION" missed="20" covered="27"/><counter type="BRANCH" missed="2" covered="2"/><counter type="LINE" missed="4" covered="10"/><counter type="COMPLEXITY" missed="4" covered="3"/><counter type="METHOD" missed="2" covered="3"/><counter type="CLASS" missed="0" covered="2"/></sourcefile><counter type="INSTRUCTION" missed="60" covered="488"/><counter type="BRANCH" missed="5" covered="51"/><counter type="LINE" missed="10" covered="115"/><counter type="COMPLEXITY" missed="7" covered="48"/><counter type="METHOD" missed="2" covered="25"/><counter type="CLASS" missed="0" covered="4"/></package><package name="main"><class name="main/Main"><method name="&lt;init&gt;" desc="()V" line="19"><counter type="INSTRUCTION" missed="3" covered="0"/><counter type="LINE" missed="2" covered="0"/><counter type="COMPLEXITY" missed="1" covered="0"/><counter type="METHOD" missed="1" covered="0"/></method><method name="main" desc="([Ljava/lang/String;)V" line="25"><counter type="INSTRUCTION" missed="11" covered="0"/><counter type="LINE" missed="4" covered="0"/><counter type="COMPLEXITY" missed="1" covered="0"/><counter type="METHOD" missed="1" covered="0"/></method><counter type="INSTRUCTION" missed="14" covered="0"/><counter type="LINE" missed="6" covered="0"/><counter type="COMPLEXITY" missed="2" covered="0"/><counter type="METHOD" missed="2" covered="0"/><counter type="CLASS" missed="1" covered="0"/></class><sourcefile name="Main.java"><line nr="19" mi="2" ci="0" mb="0" cb="0"/><line nr="21" mi="1" ci="0" mb="0" cb="0"/><line nr="25" mi="4" ci="0" mb="0" cb="0"/><line nr="26" mi="3" ci="0" mb="0" cb="0"/><line nr="27" mi="3" ci="0" mb="0" cb="0"/><line nr="28" mi="1" ci="0" mb="0" cb="0"/><counter type="INSTRUCTION" missed="14" covered="0"/><counter type="LINE" missed="6" covered="0"/><counter type="COMPLEXITY" missed="2" covered="0"/><counter type="METHOD" missed="2" covered="0"/><counter type="CLASS" missed="1" covered="0"/></sourcefile><counter type="INSTRUCTION" missed="14" covered="0"/><counter type="LINE" missed="6" covered="0"/><counter type="COMPLEXITY" missed="2" covered="0"/><counter type="METHOD" missed="2" covered="0"/><counter type="CLASS" missed="1" covered="0"/></package><counter type="INSTRUCTION" missed="2435" covered="973"/><counter type="BRANCH" missed="105" covered="79"/><counter type="LINE" missed="522" covered="218"/><counter type="COMPLEXITY" missed="129" covered="76"/><counter type="METHOD" missed="63" covered="50"/><counter type="CLASS" missed="14" covered="7"/></report>